2025-02-16T22:36:36.963Z  INFO 15212 --- [stock-ms] [main] com.isi.stock.StockMsApplicationTests    : Starting StockMsApplicationTests using Java 17.0.12 with PID 15212 (started by Kaba in C:\Users\Kaba\Documents\Java EE\TP JEE\stock-ms)
2025-02-16T22:36:36.977Z  INFO 15212 --- [stock-ms] [main] com.isi.stock.StockMsApplicationTests    : No active profile set, falling back to 1 default profile: "default"
2025-02-16T22:36:37.062Z DEBUG 15212 --- [stock-ms] [main] o.s.w.c.s.GenericWebApplicationContext   : Refreshing org.springframework.web.context.support.GenericWebApplicationContext@6010d0d1
2025-02-16T22:36:41.548Z  INFO 15212 --- [stock-ms] [main] .s.d.r.c.RepositoryConfigurationDelegate : Multiple Spring Data modules found, entering strict repository configuration mode
2025-02-16T22:36:41.557Z  INFO 15212 --- [stock-ms] [main] .s.d.r.c.RepositoryConfigurationDelegate : Bootstrapping Spring Data Elasticsearch repositories in DEFAULT mode.
2025-02-16T22:36:41.728Z  INFO 15212 --- [stock-ms] [main] .RepositoryConfigurationExtensionSupport : Spring Data Elasticsearch - Could not safely identify store assignment for repository candidate interface com.isi.stock.products.repository.ProductRepository; If you want this repository to be a Elasticsearch repository, consider annotating your entities with one of these annotations: org.springframework.data.elasticsearch.annotations.Document (preferred), or consider extending one of the following types with your repository: org.springframework.data.elasticsearch.repository.ElasticsearchRepository
2025-02-16T22:36:41.730Z  INFO 15212 --- [stock-ms] [main] .RepositoryConfigurationExtensionSupport : Spring Data Elasticsearch - Could not safely identify store assignment for repository candidate interface com.isi.stock.purchases.repository.PurchaseRepository; If you want this repository to be a Elasticsearch repository, consider annotating your entities with one of these annotations: org.springframework.data.elasticsearch.annotations.Document (preferred), or consider extending one of the following types with your repository: org.springframework.data.elasticsearch.repository.ElasticsearchRepository
2025-02-16T22:36:41.731Z  INFO 15212 --- [stock-ms] [main] .RepositoryConfigurationExtensionSupport : Spring Data Elasticsearch - Could not safely identify store assignment for repository candidate interface com.isi.stock.sales.repository.SaleRepository; If you want this repository to be a Elasticsearch repository, consider annotating your entities with one of these annotations: org.springframework.data.elasticsearch.annotations.Document (preferred), or consider extending one of the following types with your repository: org.springframework.data.elasticsearch.repository.ElasticsearchRepository
2025-02-16T22:36:41.732Z  INFO 15212 --- [stock-ms] [main] .s.d.r.c.RepositoryConfigurationDelegate : Finished Spring Data repository scanning in 148 ms. Found 0 Elasticsearch repository interfaces.
2025-02-16T22:36:41.766Z  INFO 15212 --- [stock-ms] [main] .s.d.r.c.RepositoryConfigurationDelegate : Multiple Spring Data modules found, entering strict repository configuration mode
2025-02-16T22:36:41.770Z  INFO 15212 --- [stock-ms] [main] .s.d.r.c.RepositoryConfigurationDelegate : Bootstrapping Spring Data JPA repositories in DEFAULT mode.
2025-02-16T22:36:41.965Z  INFO 15212 --- [stock-ms] [main] .s.d.r.c.RepositoryConfigurationDelegate : Finished Spring Data repository scanning in 175 ms. Found 3 JPA repository interfaces.
2025-02-16T22:36:44.117Z  INFO 15212 --- [stock-ms] [main] com.zaxxer.hikari.HikariDataSource       : HikariPool-1 - Starting...
2025-02-16T22:36:44.946Z  INFO 15212 --- [stock-ms] [main] com.zaxxer.hikari.pool.HikariPool        : HikariPool-1 - Added connection conn0: url=jdbc:h2:mem:stock-db user=USER
2025-02-16T22:36:44.951Z  INFO 15212 --- [stock-ms] [main] com.zaxxer.hikari.HikariDataSource       : HikariPool-1 - Start completed.
2025-02-16T22:36:45.178Z  INFO 15212 --- [stock-ms] [main] o.hibernate.jpa.internal.util.LogHelper  : HHH000204: Processing PersistenceUnitInfo [name: default]
2025-02-16T22:36:45.445Z  INFO 15212 --- [stock-ms] [main] org.hibernate.Version                    : HHH000412: Hibernate ORM core version 6.6.2.Final
2025-02-16T22:36:45.702Z  INFO 15212 --- [stock-ms] [main] o.h.c.internal.RegionFactoryInitiator    : HHH000026: Second-level cache disabled
2025-02-16T22:36:46.215Z  INFO 15212 --- [stock-ms] [main] o.s.o.j.p.SpringPersistenceUnitInfo      : No LoadTimeWeaver setup: ignoring JPA class transformer
2025-02-16T22:36:46.376Z  WARN 15212 --- [stock-ms] [main] org.hibernate.orm.deprecation            : HHH90000025: H2Dialect does not need to be specified explicitly using 'hibernate.dialect' (remove the property setting and it will be selected by default)
2025-02-16T22:36:46.450Z  INFO 15212 --- [stock-ms] [main] org.hibernate.orm.connections.pooling    : HHH10001005: Database info:
	Database JDBC URL [Connecting through datasource 'HikariDataSource (HikariPool-1)']
	Database driver: undefined/unknown
	Database version: 2.3.232
	Autocommit mode: undefined/unknown
	Isolation level: undefined/unknown
	Minimum pool size: undefined/unknown
	Maximum pool size: undefined/unknown
2025-02-16T22:36:48.944Z  INFO 15212 --- [stock-ms] [main] o.h.e.t.j.p.i.JtaPlatformInitiator       : HHH000489: No JTA platform available (set 'hibernate.transaction.jta.platform' to enable JTA platform integration)
2025-02-16T22:36:49.067Z  INFO 15212 --- [stock-ms] [main] j.LocalContainerEntityManagerFactoryBean : Initialized JPA EntityManagerFactory for persistence unit 'default'
2025-02-16T22:36:51.381Z  WARN 15212 --- [stock-ms] [main] JpaBaseConfiguration$JpaWebConfiguration : spring.jpa.open-in-view is enabled by default. Therefore, database queries may be performed during view rendering. Explicitly configure spring.jpa.open-in-view to disable this warning
2025-02-16T22:36:51.786Z DEBUG 15212 --- [stock-ms] [main] s.w.s.m.m.a.RequestMappingHandlerMapping : 21 mappings in 'requestMappingHandlerMapping'
2025-02-16T22:36:52.260Z DEBUG 15212 --- [stock-ms] [main] o.s.w.s.handler.SimpleUrlHandlerMapping  : Patterns [/webjars/**, /**, /swagger-ui*/*swagger-initializer.js, /swagger-ui*/**] in 'resourceHandlerMapping'
2025-02-16T22:36:52.405Z DEBUG 15212 --- [stock-ms] [main] s.w.s.m.m.a.RequestMappingHandlerAdapter : ControllerAdvice beans: 0 @ModelAttribute, 0 @InitBinder, 1 RequestBodyAdvice, 1 ResponseBodyAdvice
2025-02-16T22:36:52.566Z DEBUG 15212 --- [stock-ms] [main] .m.m.a.ExceptionHandlerExceptionResolver : ControllerAdvice beans: 2 @ExceptionHandler, 1 ResponseBodyAdvice
2025-02-16T22:36:55.444Z  INFO 15212 --- [stock-ms] [main] o.s.b.a.h2.H2ConsoleAutoConfiguration    : H2 console available at '/h2-console'. Database available at 'jdbc:h2:mem:stock-db'
2025-02-16T22:36:55.567Z  INFO 15212 --- [stock-ms] [main] o.s.b.a.e.web.EndpointLinksResolver      : Exposing 1 endpoint beneath base path '/actuator'
2025-02-16T22:36:55.942Z  INFO 15212 --- [stock-ms] [main] com.isi.stock.StockMsApplicationTests    : Started StockMsApplicationTests in 19.873 seconds (process running for 25.489)
2025-02-16T22:36:56.213Z DEBUG 15212 --- [stock-ms] [SpringApplicationShutdownHook] o.s.w.c.s.GenericWebApplicationContext   : Closing org.springframework.web.context.support.GenericWebApplicationContext@6010d0d1, started on Sun Feb 16 22:36:37 GMT 2025
2025-02-16T22:36:56.229Z  INFO 15212 --- [stock-ms] [SpringApplicationShutdownHook] j.LocalContainerEntityManagerFactoryBean : Closing JPA EntityManagerFactory for persistence unit 'default'
2025-02-16T22:36:56.244Z  INFO 15212 --- [stock-ms] [SpringApplicationShutdownHook] com.zaxxer.hikari.HikariDataSource       : HikariPool-1 - Shutdown initiated...
2025-02-16T22:36:56.256Z  INFO 15212 --- [stock-ms] [SpringApplicationShutdownHook] com.zaxxer.hikari.HikariDataSource       : HikariPool-1 - Shutdown completed.
2025-02-16T22:56:48.972Z  INFO 200 --- [stock-ms] [main] com.isi.stock.StockMsApplicationTests    : Starting StockMsApplicationTests using Java 17.0.12 with PID 200 (started by Kaba in C:\Users\Kaba\Documents\Java EE\TP JEE\stock-ms)
2025-02-16T22:56:48.975Z  INFO 200 --- [stock-ms] [main] com.isi.stock.StockMsApplicationTests    : No active profile set, falling back to 1 default profile: "default"
2025-02-16T22:56:49.033Z DEBUG 200 --- [stock-ms] [main] o.s.w.c.s.GenericWebApplicationContext   : Refreshing org.springframework.web.context.support.GenericWebApplicationContext@bd3eff4
2025-02-16T22:56:52.208Z  INFO 200 --- [stock-ms] [main] .s.d.r.c.RepositoryConfigurationDelegate : Multiple Spring Data modules found, entering strict repository configuration mode
2025-02-16T22:56:52.214Z  INFO 200 --- [stock-ms] [main] .s.d.r.c.RepositoryConfigurationDelegate : Bootstrapping Spring Data Elasticsearch repositories in DEFAULT mode.
2025-02-16T22:56:52.326Z  INFO 200 --- [stock-ms] [main] .RepositoryConfigurationExtensionSupport : Spring Data Elasticsearch - Could not safely identify store assignment for repository candidate interface com.isi.stock.products.repository.ProductRepository; If you want this repository to be a Elasticsearch repository, consider annotating your entities with one of these annotations: org.springframework.data.elasticsearch.annotations.Document (preferred), or consider extending one of the following types with your repository: org.springframework.data.elasticsearch.repository.ElasticsearchRepository
2025-02-16T22:56:52.327Z  INFO 200 --- [stock-ms] [main] .RepositoryConfigurationExtensionSupport : Spring Data Elasticsearch - Could not safely identify store assignment for repository candidate interface com.isi.stock.purchases.repository.PurchaseRepository; If you want this repository to be a Elasticsearch repository, consider annotating your entities with one of these annotations: org.springframework.data.elasticsearch.annotations.Document (preferred), or consider extending one of the following types with your repository: org.springframework.data.elasticsearch.repository.ElasticsearchRepository
2025-02-16T22:56:52.327Z  INFO 200 --- [stock-ms] [main] .RepositoryConfigurationExtensionSupport : Spring Data Elasticsearch - Could not safely identify store assignment for repository candidate interface com.isi.stock.sales.repository.SaleRepository; If you want this repository to be a Elasticsearch repository, consider annotating your entities with one of these annotations: org.springframework.data.elasticsearch.annotations.Document (preferred), or consider extending one of the following types with your repository: org.springframework.data.elasticsearch.repository.ElasticsearchRepository
2025-02-16T22:56:52.329Z  INFO 200 --- [stock-ms] [main] .s.d.r.c.RepositoryConfigurationDelegate : Finished Spring Data repository scanning in 96 ms. Found 0 Elasticsearch repository interfaces.
2025-02-16T22:56:52.351Z  INFO 200 --- [stock-ms] [main] .s.d.r.c.RepositoryConfigurationDelegate : Multiple Spring Data modules found, entering strict repository configuration mode
2025-02-16T22:56:52.354Z  INFO 200 --- [stock-ms] [main] .s.d.r.c.RepositoryConfigurationDelegate : Bootstrapping Spring Data JPA repositories in DEFAULT mode.
2025-02-16T22:56:52.510Z  INFO 200 --- [stock-ms] [main] .s.d.r.c.RepositoryConfigurationDelegate : Finished Spring Data repository scanning in 141 ms. Found 3 JPA repository interfaces.
2025-02-16T22:56:54.373Z  INFO 200 --- [stock-ms] [main] com.zaxxer.hikari.HikariDataSource       : HikariPool-1 - Starting...
2025-02-16T22:56:55.269Z  INFO 200 --- [stock-ms] [main] com.zaxxer.hikari.pool.HikariPool        : HikariPool-1 - Added connection conn0: url=jdbc:h2:mem:stock-db user=USER
2025-02-16T22:56:55.275Z  INFO 200 --- [stock-ms] [main] com.zaxxer.hikari.HikariDataSource       : HikariPool-1 - Start completed.
2025-02-16T22:56:55.876Z  INFO 200 --- [stock-ms] [main] o.hibernate.jpa.internal.util.LogHelper  : HHH000204: Processing PersistenceUnitInfo [name: default]
2025-02-16T22:56:56.097Z  INFO 200 --- [stock-ms] [main] org.hibernate.Version                    : HHH000412: Hibernate ORM core version 6.6.2.Final
2025-02-16T22:56:56.324Z  INFO 200 --- [stock-ms] [main] o.h.c.internal.RegionFactoryInitiator    : HHH000026: Second-level cache disabled
2025-02-16T22:56:56.891Z  INFO 200 --- [stock-ms] [main] o.s.o.j.p.SpringPersistenceUnitInfo      : No LoadTimeWeaver setup: ignoring JPA class transformer
2025-02-16T22:56:57.096Z  WARN 200 --- [stock-ms] [main] org.hibernate.orm.deprecation            : HHH90000025: H2Dialect does not need to be specified explicitly using 'hibernate.dialect' (remove the property setting and it will be selected by default)
2025-02-16T22:56:57.138Z  INFO 200 --- [stock-ms] [main] org.hibernate.orm.connections.pooling    : HHH10001005: Database info:
